<?xml version="1.0" encoding="UTF-8"?>
<!-- Generated by org.testng.reporters.JUnitXMLReporter -->
<testsuite ignored="0" hostname="DESKTOP-6QCP0R9" failures="0" tests="6" name="Test" time="29.719" errors="0" timestamp="2023-08-16T14:07:35 IST">
  <testcase classname="com.preeti.Loginpagetest" name="validateloginfunctionality" time="1.015"/>
  <testcase classname="com.preeti.Productpagetest" name="addToCart" time="0.29"/>
  <testcase classname="com.preeti.Productpagetest" name="validateprodorder" time="0.321"/>
  <testcase classname="com.preeti.Cartpagetest" name="validateaddtocart" time="0.301"/>
  <testcase classname="com.preeti.Checkoutinfotest" name="validatechkoutinfo" time="1.075"/>
  <testcase classname="com.preeti.Checkoutcompletetest" name="validatechkout" time="0.435"/>
</testsuite> <!-- Test -->
